<?xml version="1.0" encoding="UTF-8"?>
<testsuite name="com.csc.ZipperTest" tests="2" skipped="0" failures="0" errors="0" timestamp="2024-11-01T17:52:15" hostname="ALEXTHELAMBO" time="0.016">
  <properties/>
  <testcase name="testZipIntegers()" classname="com.csc.ZipperTest" time="0.014"/>
  <testcase name="testZipStrings()" classname="com.csc.ZipperTest" time="0.0"/>
  <system-out><![CDATA[]]></system-out>
  <system-err><![CDATA[]]></system-err>
</testsuite>
